#
# A fatal error has been detected by the Java Runtime Environment:
#
#  SIGSEGV (0xb) at pc=0x00007ff81b9ca41d, pid=3897, tid=0x0000000000000103
#
# JRE version: Java(TM) SE Runtime Environment (8.0_241-b07) (build 1.8.0_241-b07)
# Java VM: Java HotSpot(TM) 64-Bit Server VM (25.241-b07 mixed mode bsd-amd64 compressed oops)
# Problematic frame:
# C  [libobjc.A.dylib+0xa41d]  objc_msgSend+0x1d
#
# Failed to write core dump. Core dumps have been disabled. To enable core dumping, try "ulimit -c unlimited" before starting Java again
#
# If you would like to submit a bug report, please visit:
#   http://bugreport.java.com/bugreport/crash.jsp
# The crash happened outside the Java Virtual Machine in native code.
# See problematic frame for where to report the bug.
#

---------------  T H R E A D  ---------------

Current thread (0x00007ff40c0f8000):  JavaThread "AWT-AppKit" daemon [_thread_in_native, id=259, stack(0x00007ff7b4e47000,0x00007ff7b5647000)]

siginfo: si_signo: 11 (SIGSEGV), si_code: 1 (SEGV_MAPERR), si_addr: 0x00002c8dff52f7b8

Registers:
RAX=0x0000600003814280, RBX=0x00000001568c3450, RCX=0x0000000000000000, RDX=0x0000000000000001
RSP=0x00007ff7b56421f8, RBP=0x00007ff7b56422b0, RSI=0x00007ff8362b7f8f, RDI=0x0000600001bcf7a0
R8 =0x0000000000000000, R9 =0x00007ff85d62b940, R10=0x00002c8dff52f7a0, R11=0x00007ff8362b7f8f
R12=0x0000000000000000, R13=0x0000000159683d50, R14=0x00000001568c3440, R15=0x00007ff40c0f8000
RIP=0x00007ff81b9ca41d, EFLAGS=0x0000000000010206, ERR=0x0000000000000004
  TRAPNO=0x000000000000000e

Top of Stack: (sp=0x00007ff7b56421f8)
0x00007ff7b56421f8:   00000001568c1157 00007ff7b5642250
0x00007ff7b5642208:   0000000000000003 00007ff7b5642230
0x00007ff7b5642218:   000000010babf60a 0000000159683d50
0x00007ff7b5642228:   0000000159683d50 0000600003814280
0x00007ff7b5642238:   00000001568c36a0 00000001568c3710
0x00007ff7b5642248:   00007ff85e8b3928 00007ff85d62b940
0x00007ff7b5642258:   00000001568c3450 00000001568c3690
0x00007ff7b5642268:   0000600003814280 0000600001bcf7a0
0x00007ff7b5642278:   000060000150eb50 0000600003814280
0x00007ff7b5642288:   0000600001bcf7a0 00007ff7b5642338
0x00007ff7b5642298:   00007ff40c0f81f8 0000000159683d50
0x00007ff7b56422a8:   00007ff7b5642360 00007ff7b5642328
0x00007ff7b56422b8:   0000000112205667 0000000159683d50
0x00007ff7b56422c8:   00007ff7b5642360 00007ff7b5642328
0x00007ff7b56422d8:   00000001122053c7 0000000112205382
0x00007ff7b56422e8:   00007ff7b56422e8 0000000159683d50
0x00007ff7b56422f8:   00007ff7b5642360 0000000159686988
0x00007ff7b5642308:   0000000000000000 0000000159683d50
0x00007ff7b5642318:   0000000000000000 00007ff7b5642348
0x00007ff7b5642328:   00007ff7b56423a8 00000001121f52bd
0x00007ff7b5642338:   000000074040bfe0 00000001121fed18
0x00007ff7b5642348:   0000600003814280 00007ff7b56423a8
0x00007ff7b5642358:   0000600001bcf7a0 0000000112200782
0x00007ff7b5642368:   00007ff7b5642368 0000000159683f1a
0x00007ff7b5642378:   00007ff7b56423d0 0000000159686988
0x00007ff7b5642388:   0000000000000000 0000000159683f28
0x00007ff7b5642398:   00007ff7b5642348 00007ff7b56423b8
0x00007ff7b56423a8:   00007ff7b5642418 00000001121f52bd
0x00007ff7b56423b8:   0000600003814280 00000007402f9dd8
0x00007ff7b56423c8:   0000600001bcf7a0 00000007402f9dd8
0x00007ff7b56423d8:   00007ff7b56423d8 000000015e5e9b7e
0x00007ff7b56423e8:   00007ff7b5642428 000000015e5e9c38 

Instructions: (pc=0x00007ff81b9ca41d)
0x00007ff81b9ca3fd:   44 00 00 48 85 ff 2e 74 72 40 f6 c7 01 2e 75 76
0x00007ff81b9ca40d:   49 ba f8 ff ff ff ff 7f 00 00 4c 23 17 49 89 f3
0x00007ff81b9ca41d:   45 23 5a 18 49 c1 e3 04 4d 03 5a 10 49 3b 33 75
0x00007ff81b9ca42d:   0a 4d 8b 5b 08 4d 31 d3 41 ff e3 49 83 3b 01 76 

Register to memory mapping:

RAX=0x0000600003814280 is an unknown value
RBX=0x00000001568c3450: <offset 0x7450> in /private/var/folders/_k/h9_jhv4x20b6rlb9t84rm2vw0000gp/T/jogamp_0000/file_cache/jln8608626390888224110/jln4893935147975166426/libnativewindow_macosx.jnilib at 0x00000001568bc000
RCX=0x0000000000000000 is an unknown value
RDX=0x0000000000000001 is an unknown value
RSP=0x00007ff7b56421f8 is pointing into the stack for thread: 0x00007ff40c0f8000
RBP=0x00007ff7b56422b0 is pointing into the stack for thread: 0x00007ff40c0f8000
RSI=0x00007ff8362b7f8f: <offset 0x1a8f7f8f> in /usr/lib/libobjc.A.dylib at 0x00007ff81b9c0000
RDI=0x0000600001bcf7a0 is an unknown value
R8 =0x0000000000000000 is an unknown value
R9 =0x00007ff85d62b940: kCATransactionDisableActions+0 in /System/Library/Frameworks/QuartzCore.framework/Versions/A/QuartzCore at 0x00007ff822c8a000
R10=0x00002c8dff52f7a0 is an unknown value
R11=0x00007ff8362b7f8f: <offset 0x1a8f7f8f> in /usr/lib/libobjc.A.dylib at 0x00007ff81b9c0000
R12=0x0000000000000000 is an unknown value
R13={method} {0x0000000159683d50} 'UnsetJAWTRootSurfaceLayer0' '(JJ)V' in 'jogamp/nativewindow/jawt/macosx/MacOSXJAWTWindow'
R14=0x00000001568c3440: <offset 0x7440> in /private/var/folders/_k/h9_jhv4x20b6rlb9t84rm2vw0000gp/T/jogamp_0000/file_cache/jln8608626390888224110/jln4893935147975166426/libnativewindow_macosx.jnilib at 0x00000001568bc000
R15=0x00007ff40c0f8000 is a thread


Stack: [0x00007ff7b4e47000,0x00007ff7b5647000],  sp=0x00007ff7b56421f8,  free space=8172k
Native frames: (J=compiled Java code, j=interpreted, Vv=VM code, C=native code)
C  [libobjc.A.dylib+0xa41d]  objc_msgSend+0x1d
j  jogamp.nativewindow.jawt.macosx.MacOSXJAWTWindow.UnsetJAWTRootSurfaceLayer0(JJ)V+0
j  jogamp.nativewindow.jawt.macosx.MacOSXJAWTWindow.access$200(JJ)V+2
j  jogamp.nativewindow.jawt.macosx.MacOSXJAWTWindow$1.run()V+38
J 3207 C1 com.jogamp.common.util.RunnableTask.run()V (345 bytes) @ 0x0000000112b67734 [0x0000000112b675a0+0x194]
v  ~StubRoutines::call_stub
V  [libjvm.dylib+0x2f1b06]
V  [libjvm.dylib+0x328e44]
V  [libjvm.dylib+0x31b627]
C  [libnativewindow_macosx.jnilib+0x5326]  Java_jogamp_nativewindow_jawt_macosx_MacOSXJAWTWindow_UnsetJAWTRootSurfaceLayer0+0x2b6
C  [Foundation+0x81857]  __NSThreadPerformPerform+0xb3
C  [CoreFoundation+0x7faeb]  __CFRUNLOOP_IS_CALLING_OUT_TO_A_SOURCE0_PERFORM_FUNCTION__+0x11
C  [CoreFoundation+0x7fa53]  __CFRunLoopDoSource0+0xb4
C  [CoreFoundation+0x7f7cd]  __CFRunLoopDoSources0+0xf2
C  [CoreFoundation+0x7e1e8]  __CFRunLoopRun+0x37c
C  [CoreFoundation+0x7d7ac]  CFRunLoopRunSpecific+0x232
C  [HIToolbox+0x2fce6]  RunCurrentEventLoopInMode+0x124
C  [HIToolbox+0x2f913]  ReceiveNextEventCommon+0x11b
C  [HIToolbox+0x2f7e5]  _BlockUntilNextEventMatchingListInModeWithFilter+0x46
C  [AppKit+0x3e53d]  _DPSNextEvent+0x39f
C  [AppKit+0x3cbfa]  -[NSApplication(NSEvent) _nextEventMatchingEventMask:untilDate:inMode:dequeue:]+0x572
C  [libosxapp.dylib+0x2328]  -[NSApplicationAWT nextEventMatchingMask:untilDate:inMode:dequeue:]+0x7c
C  [AppKit+0x2f2a9]  -[NSApplication run]+0x24a
C  [libosxapp.dylib+0x1f72]  +[NSApplicationAWT runAWTLoopWithApp:]+0x9c
C  [libawt_lwawt.dylib+0x4710f]  -[AWTStarter starter:]+0x389
C  [Foundation+0x81857]  __NSThreadPerformPerform+0xb3
C  [CoreFoundation+0x7faeb]  __CFRUNLOOP_IS_CALLING_OUT_TO_A_SOURCE0_PERFORM_FUNCTION__+0x11
C  [CoreFoundation+0x7fa53]  __CFRunLoopDoSource0+0xb4
C  [CoreFoundation+0x7f7cd]  __CFRunLoopDoSources0+0xf2
C  [CoreFoundation+0x7e1e8]  __CFRunLoopRun+0x37c
C  [CoreFoundation+0x7d7ac]  CFRunLoopRunSpecific+0x232
C  [java+0x646e]  CreateExecutionEnvironment+0x367
C  [java+0x203c]  JLI_Launch+0x7a0
C  [java+0x84cb]  main+0x65
C  [java+0x1894]  start+0x34
C  0x0000000000000007

Java frames: (J=compiled Java code, j=interpreted, Vv=VM code)
j  jogamp.nativewindow.jawt.macosx.MacOSXJAWTWindow.UnsetJAWTRootSurfaceLayer0(JJ)V+0
j  jogamp.nativewindow.jawt.macosx.MacOSXJAWTWindow.access$200(JJ)V+2
j  jogamp.nativewindow.jawt.macosx.MacOSXJAWTWindow$1.run()V+38
J 3207 C1 com.jogamp.common.util.RunnableTask.run()V (345 bytes) @ 0x0000000112b67734 [0x0000000112b675a0+0x194]
v  ~StubRoutines::call_stub

---------------  P R O C E S S  ---------------

Java Threads: ( => current thread )
  0x00007ff411ab7800 JavaThread "Thread-19" [_thread_blocked, id=66095, stack(0x000070000d6e3000,0x000070000d7e3000)]
  0x00007ff411c13800 JavaThread "Keep-Alive-Timer" daemon [_thread_blocked, id=70427, stack(0x000070000d8e9000,0x000070000d9e9000)]
  0x00007ff40eab2800 JavaThread "AWT-EventQueue-1" [_thread_blocked, id=71739, stack(0x000070000d7e6000,0x000070000d8e6000)]
  0x00007ff40c1c9000 JavaThread "DestroyJavaVM" [_thread_blocked, id=3331, stack(0x000070000c098000,0x000070000c198000)]
  0x00007ff40c163000 JavaThread "AWT-EventQueue-0" [_thread_blocked, id=77063, stack(0x000070000d5e0000,0x000070000d6e0000)]
  0x00007ff40d100000 JavaThread "Java2D Disposer" daemon [_thread_blocked, id=78855, stack(0x000070000d3da000,0x000070000d4da000)]
  0x00007ff40e9b7800 JavaThread "Java2D Queue Flusher" daemon [_thread_blocked, id=32523, stack(0x000070000d2d7000,0x000070000d3d7000)]
  0x00007ff40b8d8000 JavaThread "AWT-Shutdown" [_thread_blocked, id=26627, stack(0x000070000cfc8000,0x000070000d0c8000)]
=>0x00007ff40c0f8000 JavaThread "AWT-AppKit" daemon [_thread_in_native, id=259, stack(0x00007ff7b4e47000,0x00007ff7b5647000)]
  0x00007ff40e81b000 JavaThread "Service Thread" daemon [_thread_blocked, id=17923, stack(0x000070000cdc2000,0x000070000cec2000)]
  0x00007ff40c00f000 JavaThread "C1 CompilerThread2" daemon [_thread_blocked, id=18179, stack(0x000070000ccbf000,0x000070000cdbf000)]
  0x00007ff40e818000 JavaThread "C2 CompilerThread1" daemon [_thread_blocked, id=18691, stack(0x000070000cbbc000,0x000070000ccbc000)]
  0x00007ff40d01f000 JavaThread "C2 CompilerThread0" daemon [_thread_blocked, id=19203, stack(0x000070000cab9000,0x000070000cbb9000)]
  0x00007ff40d00a000 JavaThread "Signal Dispatcher" daemon [_thread_blocked, id=19459, stack(0x000070000c9b6000,0x000070000cab6000)]
  0x00007ff40b853800 JavaThread "Finalizer" daemon [_thread_blocked, id=11267, stack(0x000070000c7ad000,0x000070000c8ad000)]
  0x00007ff40e80a800 JavaThread "Reference Handler" daemon [_thread_blocked, id=11011, stack(0x000070000c6aa000,0x000070000c7aa000)]

Other Threads:
  0x00007ff40b84d000 VMThread [stack: 0x000070000c5a7000,0x000070000c6a7000] [id=21251]
  0x00007ff40b85b800 WatcherThread [stack: 0x000070000cec5000,0x000070000cfc5000] [id=14339]

VM state:not at safepoint (normal execution)

VM Mutex/Monitor currently owned by a thread: None

heap address: 0x0000000740000000, size: 2048 MB, Compressed Oops mode: Zero based, Oop shift amount: 3
Narrow klass base: 0x0000000000000000, Narrow klass shift: 3
Compressed class space size: 1073741824 Address: 0x00000007c0000000

Heap:
 PSYoungGen      total 51712K, used 32646K [0x0000000795580000, 0x0000000798d80000, 0x00000007c0000000)
  eden space 46592K, 59% used [0x0000000795580000,0x0000000797069638,0x0000000798300000)
  from space 5120K, 99% used [0x0000000798880000,0x0000000798d78560,0x0000000798d80000)
  to   space 5120K, 0% used [0x0000000798380000,0x0000000798380000,0x0000000798880000)
 ParOldGen       total 62976K, used 17908K [0x0000000740000000, 0x0000000743d80000, 0x0000000795580000)
  object space 62976K, 28% used [0x0000000740000000,0x000000074117d170,0x0000000743d80000)
 Metaspace       used 25344K, capacity 25769K, committed 26368K, reserved 1073152K
  class space    used 2537K, capacity 2691K, committed 2816K, reserved 1048576K

Card table byte_map: [0x000000010ae7a000,0x000000010b27b000] byte_map_base: 0x000000010747a000

Marking Bits: (ParMarkBitMap*) 0x000000010c27cf80
 Begin Bits: [0x000000010c939000, 0x000000010e939000)
 End Bits:   [0x000000010e939000, 0x0000000110939000)

Polling page: 0x000000010a9f3000

CodeCache: size=245760Kb used=10185Kb max_used=10224Kb free=235574Kb
 bounds [0x00000001121ed000, 0x0000000112bfd000, 0x00000001211ed000]
 total_blobs=4035 nmethods=3063 adapters=885
 compilation: enabled

Compilation events (10 events):
Event: 13.985 Thread 0x00007ff40c00f000 3336       3       sun.awt.im.InputMethodContext::dispatchEvent (62 bytes)
Event: 13.986 Thread 0x00007ff40c00f000 nmethod 3336 0x0000000112beec50 code [0x0000000112beee80, 0x0000000112befbb8]
Event: 13.986 Thread 0x00007ff40c00f000 3337       3       sun.awt.im.InputContext::dispatchEvent (173 bytes)
Event: 13.987 Thread 0x00007ff40c00f000 nmethod 3337 0x0000000112beff50 code [0x0000000112bf02a0, 0x0000000112bf2648]
Event: 13.994 Thread 0x00007ff40c00f000 3338       3       java.util.HashMap::afterNodeAccess (1 bytes)
Event: 13.995 Thread 0x00007ff40c00f000 nmethod 3338 0x00000001124c0910 code [0x00000001124c0a60, 0x00000001124c0bb0]
Event: 13.996 Thread 0x00007ff40c00f000 3339       3       java.awt.Component::getGraphics (124 bytes)
Event: 13.997 Thread 0x00007ff40c00f000 nmethod 3339 0x0000000112bf2f90 code [0x0000000112bf31c0, 0x0000000112bf4068]
Event: 13.998 Thread 0x00007ff40c00f000 3340   !   3       sun.lwawt.LWComponentPeer::getGraphics (32 bytes)
Event: 14.000 Thread 0x00007ff40c00f000 nmethod 3340 0x000000011260a010 code [0x000000011260a200, 0x000000011260b168]

GC Heap History (10 events):
Event: 3.411 GC heap before
{Heap before GC invocations=1 (full 0):
 PSYoungGen      total 38400K, used 33280K [0x0000000795580000, 0x0000000798000000, 0x00000007c0000000)
  eden space 33280K, 100% used [0x0000000795580000,0x0000000797600000,0x0000000797600000)
  from space 5120K, 0% used [0x0000000797b00000,0x0000000797b00000,0x0000000798000000)
  to   space 5120K, 0% used [0x0000000797600000,0x0000000797600000,0x0000000797b00000)
 ParOldGen       total 87552K, used 0K [0x0000000740000000, 0x0000000745580000, 0x0000000795580000)
  object space 87552K, 0% used [0x0000000740000000,0x0000000740000000,0x0000000745580000)
 Metaspace       used 16487K, capacity 16897K, committed 17280K, reserved 1064960K
  class space    used 1697K, capacity 1796K, committed 1920K, reserved 1048576K
Event: 3.417 GC heap after
Heap after GC invocations=1 (full 0):
 PSYoungGen      total 38400K, used 5091K [0x0000000795580000, 0x0000000798000000, 0x00000007c0000000)
  eden space 33280K, 0% used [0x0000000795580000,0x0000000795580000,0x0000000797600000)
  from space 5120K, 99% used [0x0000000797600000,0x0000000797af8e48,0x0000000797b00000)
  to   space 5120K, 0% used [0x0000000797b00000,0x0000000797b00000,0x0000000798000000)
 ParOldGen       total 87552K, used 56K [0x0000000740000000, 0x0000000745580000, 0x0000000795580000)
  object space 87552K, 0% used [0x0000000740000000,0x000000074000e148,0x0000000745580000)
 Metaspace       used 16487K, capacity 16897K, committed 17280K, reserved 1064960K
  class space    used 1697K, capacity 1796K, committed 1920K, reserved 1048576K
}
Event: 4.174 GC heap before
{Heap before GC invocations=2 (full 0):
 PSYoungGen      total 38400K, used 37036K [0x0000000795580000, 0x0000000798000000, 0x00000007c0000000)
  eden space 33280K, 95% used [0x0000000795580000,0x00000007974b23e0,0x0000000797600000)
  from space 5120K, 99% used [0x0000000797600000,0x0000000797af8e48,0x0000000797b00000)
  to   space 5120K, 0% used [0x0000000797b00000,0x0000000797b00000,0x0000000798000000)
 ParOldGen       total 87552K, used 56K [0x0000000740000000, 0x0000000745580000, 0x0000000795580000)
  object space 87552K, 0% used [0x0000000740000000,0x000000074000e148,0x0000000745580000)
 Metaspace       used 20623K, capacity 21047K, committed 21248K, reserved 1069056K
  class space    used 2148K, capacity 2296K, committed 2304K, reserved 1048576K
Event: 4.186 GC heap after
Heap after GC invocations=2 (full 0):
 PSYoungGen      total 38400K, used 5104K [0x0000000795580000, 0x0000000798000000, 0x00000007c0000000)
  eden space 33280K, 0% used [0x0000000795580000,0x0000000795580000,0x0000000797600000)
  from space 5120K, 99% used [0x0000000797b00000,0x0000000797ffc070,0x0000000798000000)
  to   space 5120K, 0% used [0x0000000797600000,0x0000000797600000,0x0000000797b00000)
 ParOldGen       total 87552K, used 2936K [0x0000000740000000, 0x0000000745580000, 0x0000000795580000)
  object space 87552K, 3% used [0x0000000740000000,0x00000007402de3d8,0x0000000745580000)
 Metaspace       used 20623K, capacity 21047K, committed 21248K, reserved 1069056K
  class space    used 2148K, capacity 2296K, committed 2304K, reserved 1048576K
}
Event: 4.186 GC heap before
{Heap before GC invocations=3 (full 1):
 PSYoungGen      total 38400K, used 5104K [0x0000000795580000, 0x0000000798000000, 0x00000007c0000000)
  eden space 33280K, 0% used [0x0000000795580000,0x0000000795580000,0x0000000797600000)
  from space 5120K, 99% used [0x0000000797b00000,0x0000000797ffc070,0x0000000798000000)
  to   space 5120K, 0% used [0x0000000797600000,0x0000000797600000,0x0000000797b00000)
 ParOldGen       total 87552K, used 2936K [0x0000000740000000, 0x0000000745580000, 0x0000000795580000)
  object space 87552K, 3% used [0x0000000740000000,0x00000007402de3d8,0x0000000745580000)
 Metaspace       used 20623K, capacity 21047K, committed 21248K, reserved 1069056K
  class space    used 2148K, capacity 2296K, committed 2304K, reserved 1048576K
Event: 4.227 GC heap after
Heap after GC invocations=3 (full 1):
 PSYoungGen      total 38400K, used 0K [0x0000000795580000, 0x0000000798000000, 0x00000007c0000000)
  eden space 33280K, 0% used [0x0000000795580000,0x0000000795580000,0x0000000797600000)
  from space 5120K, 0% used [0x0000000797b00000,0x0000000797b00000,0x0000000798000000)
  to   space 5120K, 0% used [0x0000000797600000,0x0000000797600000,0x0000000797b00000)
 ParOldGen       total 62976K, used 7856K [0x0000000740000000, 0x0000000743d80000, 0x0000000795580000)
  object space 62976K, 12% used [0x0000000740000000,0x00000007407ac2b8,0x0000000743d80000)
 Metaspace       used 20621K, capacity 21041K, committed 21248K, reserved 1069056K
  class space    used 2148K, capacity 2295K, committed 2304K, reserved 1048576K
}
Event: 6.015 GC heap before
{Heap before GC invocations=4 (full 1):
 PSYoungGen      total 38400K, used 33280K [0x0000000795580000, 0x0000000798000000, 0x00000007c0000000)
  eden space 33280K, 100% used [0x0000000795580000,0x0000000797600000,0x0000000797600000)
  from space 5120K, 0% used [0x0000000797b00000,0x0000000797b00000,0x0000000798000000)
  to   space 5120K, 0% used [0x0000000797600000,0x0000000797600000,0x0000000797b00000)
 ParOldGen       total 62976K, used 7856K [0x0000000740000000, 0x0000000743d80000, 0x0000000795580000)
  object space 62976K, 12% used [0x0000000740000000,0x00000007407ac2b8,0x0000000743d80000)
 Metaspace       used 24583K, capacity 24927K, committed 25216K, reserved 1071104K
  class space    used 2516K, capacity 2624K, committed 2688K, reserved 1048576K
Event: 6.021 GC heap after
Heap after GC invocations=4 (full 1):
 PSYoungGen      total 38400K, used 5113K [0x0000000795580000, 0x0000000798d80000, 0x00000007c0000000)
  eden space 33280K, 0% used [0x0000000795580000,0x0000000795580000,0x0000000797600000)
  from space 5120K, 99% used [0x0000000797600000,0x0000000797afe688,0x0000000797b00000)
  to   space 5120K, 0% used [0x0000000798880000,0x0000000798880000,0x0000000798d80000)
 ParOldGen       total 62976K, used 14252K [0x0000000740000000, 0x0000000743d80000, 0x0000000795580000)
  object space 62976K, 22% used [0x0000000740000000,0x0000000740deb3f0,0x0000000743d80000)
 Metaspace       used 24583K, capacity 24927K, committed 25216K, reserved 1071104K
  class space    used 2516K, capacity 2624K, committed 2688K, reserved 1048576K
}
Event: 7.529 GC heap before
{Heap before GC invocations=5 (full 1):
 PSYoungGen      total 38400K, used 38393K [0x0000000795580000, 0x0000000798d80000, 0x00000007c0000000)
  eden space 33280K, 100% used [0x0000000795580000,0x0000000797600000,0x0000000797600000)
  from space 5120K, 99% used [0x0000000797600000,0x0000000797afe688,0x0000000797b00000)
  to   space 5120K, 0% used [0x0000000798880000,0x0000000798880000,0x0000000798d80000)
 ParOldGen       total 62976K, used 14252K [0x0000000740000000, 0x0000000743d80000, 0x0000000795580000)
  object space 62976K, 22% used [0x0000000740000000,0x0000000740deb3f0,0x0000000743d80000)
 Metaspace       used 24982K, capacity 25381K, committed 25728K, reserved 1073152K
  class space    used 2522K, capacity 2625K, committed 2688K, reserved 1048576K
Event: 7.536 GC heap after
Heap after GC invocations=5 (full 1):
 PSYoungGen      total 51712K, used 5089K [0x0000000795580000, 0x0000000798d80000, 0x00000007c0000000)
  eden space 46592K, 0% used [0x0000000795580000,0x0000000795580000,0x0000000798300000)
  from space 5120K, 99% used [0x0000000798880000,0x0000000798d78560,0x0000000798d80000)
  to   space 5120K, 0% used [0x0000000798380000,0x0000000798380000,0x0000000798880000)
 ParOldGen       total 62976K, used 17908K [0x0000000740000000, 0x0000000743d80000, 0x0000000795580000)
  object space 62976K, 28% used [0x0000000740000000,0x000000074117d170,0x0000000743d80000)
 Metaspace       used 24982K, capacity 25381K, committed 25728K, reserved 1073152K
  class space    used 2522K, capacity 2625K, committed 2688K, reserved 1048576K
}

Deoptimization events (10 events):
Event: 7.181 Thread 0x00007ff40eab2800 Uncommon trap: reason=class_check action=maybe_recompile pc=0x0000000112aa0498 method=module5.CommonMarker.draw(Lprocessing/core/PGraphics;FF)V @ 25
Event: 7.199 Thread 0x00007ff40eab2800 Uncommon trap: reason=class_check action=maybe_recompile pc=0x0000000112aa0498 method=module5.CommonMarker.draw(Lprocessing/core/PGraphics;FF)V @ 25
Event: 7.214 Thread 0x00007ff40eab2800 Uncommon trap: reason=class_check action=maybe_recompile pc=0x0000000112aa0498 method=module5.CommonMarker.draw(Lprocessing/core/PGraphics;FF)V @ 25
Event: 8.047 Thread 0x00007ff40eab2800 Uncommon trap: reason=unstable_if action=reinterpret pc=0x00000001129d9514 method=de.fhpotsdam.unfolding.mapdisplay.Java2DMapDisplay.getTransformedPosition(FFZ)[F @ 1
Event: 8.062 Thread 0x00007ff40eab2800 Uncommon trap: reason=unstable_if action=reinterpret pc=0x0000000112aac10c method=module5.CommonMarker.draw(Lprocessing/core/PGraphics;FF)V @ 4
Event: 13.984 Thread 0x00007ff40eab2800 Uncommon trap: reason=unstable_if action=reinterpret pc=0x0000000112a4b6a8 method=com.jogamp.common.util.VersionNumber.compareTo(Lcom/jogamp/common/util/VersionNumber;)I @ 21
Event: 13.989 Thread 0x00007ff40c163000 Uncommon trap: reason=unstable_if action=reinterpret pc=0x0000000112a6b6d4 method=java.awt.Font.equals(Ljava/lang/Object;)Z @ 2
Event: 13.994 Thread 0x00007ff40b958000 Uncommon trap: reason=class_check action=maybe_recompile pc=0x0000000112783c54 method=java.util.HashMap.putVal(ILjava/lang/Object;Ljava/lang/Object;ZZ)Ljava/lang/Object; @ 91
Event: 13.994 Thread 0x00007ff40b958000 Uncommon trap: reason=class_check action=maybe_recompile pc=0x000000011273c47c method=java.util.HashMap.putVal(ILjava/lang/Object;Ljava/lang/Object;ZZ)Ljava/lang/Object; @ 91
Event: 14.010 Thread 0x00007ff40eab2800 Uncommon trap: reason=unstable_if action=reinterpret pc=0x0000000112afce74 method=java.security.AccessControlContext.optimize()Ljava/security/AccessControlContext; @ 233

Classes redefined (0 events):
No events

Internal exceptions (10 events):
Event: 0.390 Thread 0x00007ff40d009000 Exception <a 'java/io/FileNotFoundException'> (0x000000079581fa08) thrown at [/jenkins/workspace/8-2-build-macosx-x86_64/jdk8u241/331/hotspot/src/share/vm/prims/jni.cpp, line 710]
Event: 0.390 Thread 0x00007ff40d009000 Exception <a 'java/io/FileNotFoundException'> (0x0000000795820570) thrown at [/jenkins/workspace/8-2-build-macosx-x86_64/jdk8u241/331/hotspot/src/share/vm/prims/jni.cpp, line 710]
Event: 0.420 Thread 0x00007ff40d009000 Exception <a 'java/io/FileNotFoundException'> (0x0000000795865cf0) thrown at [/jenkins/workspace/8-2-build-macosx-x86_64/jdk8u241/331/hotspot/src/share/vm/prims/jni.cpp, line 710]
Event: 0.565 Thread 0x00007ff40d009000 Exception <a 'java/io/FileNotFoundException'> (0x00000007958a45a0) thrown at [/jenkins/workspace/8-2-build-macosx-x86_64/jdk8u241/331/hotspot/src/share/vm/prims/jni.cpp, line 710]
Event: 2.937 Thread 0x00007ff40eab5000 Exception <a 'java/lang/UnsatisfiedLinkError': com.jogamp.common.util.JarUtil.fixNativeLibAttribs(Ljava/lang/String;)Z> (0x0000000796c38998) thrown at [/jenkins/workspace/8-2-build-macosx-x86_64/jdk8u241/331/hotspot/src/share/vm/prims/nativeLookup.cpp, li
Event: 3.418 Thread 0x00007ff40b853800 Exception <a 'java/lang/NullPointerException'> (0x00000007956a5570) thrown at [/jenkins/workspace/8-2-build-macosx-x86_64/jdk8u241/331/hotspot/src/share/vm/interpreter/linkResolver.cpp, line 1185]
Event: 3.859 Thread 0x00007ff40eab2800 Exception <a 'java/io/FileNotFoundException'> (0x0000000795ef5458) thrown at [/jenkins/workspace/8-2-build-macosx-x86_64/jdk8u241/331/hotspot/src/share/vm/prims/jni.cpp, line 710]
Event: 3.859 Thread 0x00007ff40eab2800 Exception <a 'java/io/FileNotFoundException'> (0x0000000795efb398) thrown at [/jenkins/workspace/8-2-build-macosx-x86_64/jdk8u241/331/hotspot/src/share/vm/prims/jni.cpp, line 710]
Event: 3.859 Thread 0x00007ff40eab2800 Implicit null exception at 0x00000001123db9b6 to 0x00000001123dbd7d
Event: 4.079 Thread 0x00007ff40eab2800 Implicit null exception at 0x00000001125cee46 to 0x00000001125cf08d

Events (10 events):
Event: 14.009 loading class jogamp/nativewindow/jawt/macosx/MacOSXJAWTWindow$1 done
Event: 14.010 Thread 0x00007ff40eab2800 Uncommon trap: trap_request=0xffffff65 fr.pc=0x0000000112afce74
Event: 14.010 Thread 0x00007ff40eab2800 DEOPT PACKING pc=0x0000000112afce74 sp=0x000070000d8e39a0
Event: 14.010 Thread 0x00007ff40eab2800 DEOPT UNPACKING pc=0x000000011223273a sp=0x000070000d8e3970 mode 2
Event: 14.010 loading class java/awt/LightweightDispatcher$2
Event: 14.010 loading class java/awt/LightweightDispatcher$2 done
Event: 14.011 loading class java/awt/event/AWTEventListenerProxy
Event: 14.011 loading class java/awt/event/AWTEventListenerProxy done
Event: 14.011 loading class java/awt/Toolkit$ToolkitEventMulticaster
Event: 14.011 loading class java/awt/Toolkit$ToolkitEventMulticaster done


Dynamic libraries:
0x00007ff832967000 	/System/Library/Frameworks/Cocoa.framework/Versions/A/Cocoa
0x00007ff81e5e4000 	/System/Library/Frameworks/AppKit.framework/Versions/C/AppKit
0x00007ff821aef000 	/System/Library/Frameworks/CoreData.framework/Versions/A/CoreData
0x00007ff81c9f0000 	/System/Library/Frameworks/Foundation.framework/Versions/C/Foundation
0x00007ff826910000 	/usr/lib/libSystem.B.dylib
0x00007ff81f472000 	/System/Library/PrivateFrameworks/UIFoundation.framework/Versions/A/UIFoundation
0x00007ff82c871000 	/System/Library/PrivateFrameworks/RemoteViewServices.framework/Versions/A/RemoteViewServices
0x00007ff824b5b000 	/System/Library/PrivateFrameworks/XCTTargetBootstrap.framework/Versions/A/XCTTargetBootstrap
0x00007ff828717000 	/System/Library/PrivateFrameworks/InternationalSupport.framework/Versions/A/InternationalSupport
0x00007ff8287a1000 	/System/Library/PrivateFrameworks/UserActivity.framework/Versions/A/UserActivity
0x00007ff827af7000 	/usr/lib/libspindump.dylib
0x00007ff81f700000 	/System/Library/Frameworks/UniformTypeIdentifiers.framework/Versions/A/UniformTypeIdentifiers
0x00007ff823284000 	/usr/lib/libapp_launch_measurement.dylib
0x00007ff8224bf000 	/System/Library/PrivateFrameworks/CoreAnalytics.framework/Versions/A/CoreAnalytics
0x00007ff823287000 	/System/Library/PrivateFrameworks/CoreAutoLayout.framework/Versions/A/CoreAutoLayout
0x00007ff8244b5000 	/System/Library/Frameworks/Metal.framework/Versions/A/Metal
0x00007ff8251e1000 	/usr/lib/liblangid.dylib
0x00007ff824b60000 	/System/Library/PrivateFrameworks/CoreSVG.framework/Versions/A/CoreSVG
0x00007ff820ae7000 	/System/Library/PrivateFrameworks/SkyLight.framework/Versions/A/SkyLight
0x00007ff820e85000 	/System/Library/Frameworks/CoreGraphics.framework/Versions/A/CoreGraphics
0x00007ff82cf31000 	/System/Library/Frameworks/Accelerate.framework/Versions/A/Accelerate
0x00007ff827576000 	/System/Library/PrivateFrameworks/IconServices.framework/Versions/A/IconServices
0x00007ff82449a000 	/System/Library/Frameworks/IOSurface.framework/Versions/A/IOSurface
0x00007ff8224ed000 	/usr/lib/libDiagnosticMessagesClient.dylib
0x00007ff826830000 	/usr/lib/libz.1.dylib
0x00007ff830614000 	/System/Library/Frameworks/ApplicationServices.framework/Versions/A/ApplicationServices
0x00007ff824b47000 	/System/Library/PrivateFrameworks/DFRFoundation.framework/Versions/A/DFRFoundation
0x00007ff81decc000 	/usr/lib/libicucore.A.dylib
0x00007ff82950c000 	/System/Library/Frameworks/AudioToolbox.framework/Versions/A/AudioToolbox
0x00007ff828723000 	/System/Library/PrivateFrameworks/DataDetectorsCore.framework/Versions/A/DataDetectorsCore
0x00007ff9246b0000 	/System/Library/PrivateFrameworks/TextInput.framework/Versions/A/TextInput
0x00007ff820a6a000 	/usr/lib/libMobileGestalt.dylib
0x00007ff824853000 	/System/Library/Frameworks/Carbon.framework/Versions/A/Frameworks/HIToolbox.framework/Versions/A/HIToolbox
0x00007ff822c8a000 	/System/Library/Frameworks/QuartzCore.framework/Versions/A/QuartzCore
0x00007ff81db73000 	/System/Library/Frameworks/Security.framework/Versions/A/Security
0x00007ff82c8a9000 	/System/Library/Frameworks/Carbon.framework/Versions/A/Frameworks/SpeechRecognition.framework/Versions/A/SpeechRecognition
0x00007ff822fe4000 	/System/Library/PrivateFrameworks/CoreUI.framework/Versions/A/CoreUI
0x00007ff81d43f000 	/System/Library/Frameworks/CoreAudio.framework/Versions/A/CoreAudio
0x00007ff8225dc000 	/System/Library/Frameworks/DiskArbitration.framework/Versions/A/DiskArbitration
0x00007ff827ee5000 	/System/Library/PrivateFrameworks/MultitouchSupport.framework/Versions/A/MultitouchSupport
0x00007ff820a69000 	/usr/lib/libenergytrace.dylib
0x00007ff81e4d0000 	/System/Library/Frameworks/IOKit.framework/Versions/A/IOKit
0x00007ff82cc99000 	/System/Library/Frameworks/CoreServices.framework/Versions/A/CoreServices
0x00007ff82321e000 	/System/Library/PrivateFrameworks/PerformanceAnalysis.framework/Versions/A/PerformanceAnalysis
0x00007ffa33bd4000 	/System/Library/Frameworks/OpenGL.framework/Versions/A/OpenGL
0x00007ff825e4a000 	/System/Library/PrivateFrameworks/MobileKeyBag.framework/Versions/A/MobileKeyBag
0x00007ff81b9c0000 	/usr/lib/libobjc.A.dylib
0x00007ff821550000 	/System/Library/Frameworks/ColorSync.framework/Versions/A/ColorSync
0x00007ff81bb7e000 	/System/Library/Frameworks/CoreFoundation.framework/Versions/A/CoreFoundation
0x00007ff824dd7000 	/System/Library/Frameworks/CoreImage.framework/Versions/A/CoreImage
0x00007ff81d257000 	/System/Library/Frameworks/CoreText.framework/Versions/A/CoreText
0x00007ff824b90000 	/System/Library/Frameworks/ImageIO.framework/Versions/A/ImageIO
0x00007ff826916000 	/System/Library/PrivateFrameworks/SoftLinking.framework/Versions/A/SoftLinking
0x00007ff8232cf000 	/usr/lib/libxml2.2.dylib
0x00007ff81ba8a000 	/usr/lib/libc++.1.dylib
0x00007ff826b9a000 	/usr/lib/libcompression.dylib
0x00007ff82864a000 	/System/Library/PrivateFrameworks/TextureIO.framework/Versions/A/TextureIO
0x00007ff827288000 	/usr/lib/libate.dylib
0x00007ff82690b000 	/usr/lib/system/libcache.dylib
0x00007ff8268c7000 	/usr/lib/system/libcommonCrypto.dylib
0x00007ff8268f0000 	/usr/lib/system/libcompiler_rt.dylib
0x00007ff8268e6000 	/usr/lib/system/libcopyfile.dylib
0x00007ff81b8bb000 	/usr/lib/system/libcorecrypto.dylib
0x00007ff81b979000 	/usr/lib/system/libdispatch.dylib
0x00007ff81bb3d000 	/usr/lib/system/libdyld.dylib
0x00007ff826902000 	/usr/lib/system/libkeymgr.dylib
0x00007ff8268a5000 	/usr/lib/system/libmacho.dylib
0x00007ff825f24000 	/usr/lib/system/libquarantine.dylib
0x00007ff826900000 	/usr/lib/system/libremovefile.dylib
0x00007ff820ab7000 	/usr/lib/system/libsystem_asl.dylib
0x00007ff81b864000 	/usr/lib/system/libsystem_blocks.dylib
0x00007ff81ba01000 	/usr/lib/system/libsystem_c.dylib
0x00007ff8268f8000 	/usr/lib/system/libsystem_collections.dylib
0x00007ff8251d1000 	/usr/lib/system/libsystem_configuration.dylib
0x00007ff82447d000 	/usr/lib/system/libsystem_containermanager.dylib
0x00007ff8265de000 	/usr/lib/system/libsystem_coreservices.dylib
0x00007ff81e160000 	/usr/lib/system/libsystem_darwin.dylib
0x00007ff826903000 	/usr/lib/system/libsystem_dnssd.dylib
0x00007ff81b9fe000 	/usr/lib/system/libsystem_featureflags.dylib
0x00007ff81bb53000 	/usr/lib/system/libsystem_info.dylib
0x00007ff826843000 	/usr/lib/system/libsystem_m.dylib
0x00007ff81b94d000 	/usr/lib/system/libsystem_malloc.dylib
0x00007ff820a52000 	/usr/lib/system/libsystem_networkextension.dylib
0x00007ff81e586000 	/usr/lib/system/libsystem_notify.dylib
0x00007ff82cb6e000 	/usr/lib/system/libsystem_product_info_filter.dylib
0x00007ff8251d5000 	/usr/lib/system/libsystem_sandbox.dylib
0x00007ff8268fd000 	/usr/lib/system/libsystem_secinit.dylib
0x00007ff81baf9000 	/usr/lib/system/libsystem_kernel.dylib
0x00007ff81bb49000 	/usr/lib/system/libsystem_platform.dylib
0x00007ff81bb31000 	/usr/lib/system/libsystem_pthread.dylib
0x00007ff8222ff000 	/usr/lib/system/libsystem_symptoms.dylib
0x00007ff81b8a2000 	/usr/lib/system/libsystem_trace.dylib
0x00007ff8268d3000 	/usr/lib/system/libunwind.dylib
0x00007ff81b866000 	/usr/lib/system/libxpc.dylib
0x00007ff81bae3000 	/usr/lib/libc++abi.dylib
0x00007ff8268de000 	/usr/lib/liboah.dylib
0x00007ff827064000 	/usr/lib/liblzma.5.dylib
0x00007ff81c703000 	/System/Library/Frameworks/SystemConfiguration.framework/Versions/A/SystemConfiguration
0x00007ff826912000 	/usr/lib/libfakelink.dylib
0x00007ff8205c3000 	/System/Library/Frameworks/CFNetwork.framework/Versions/A/CFNetwork
0x00007ff826a53000 	/usr/lib/libarchive.2.dylib
0x00007ff8251dd000 	/System/Library/PrivateFrameworks/AppleSystemInfo.framework/Versions/A/AppleSystemInfo
0x00007ff825f4b000 	/usr/lib/libbsm.0.dylib
0x00007ff81fbd6000 	/usr/lib/libnetwork.dylib
0x00007ff8268ab000 	/usr/lib/system/libkxld.dylib
0x00007ff825b77000 	/System/Library/PrivateFrameworks/IOMobileFramebuffer.framework/Versions/A/IOMobileFramebuffer
0x00007ffb330db000 	/usr/lib/libCoreEntitlements.dylib
0x00007ff8265c0000 	/System/Library/PrivateFrameworks/AppleFSCompression.framework/Versions/A/AppleFSCompression
0x00007ff825f33000 	/usr/lib/libcoretls.dylib
0x00007ff82707e000 	/usr/lib/libcoretls_cfhelpers.dylib
0x00007ff826b95000 	/usr/lib/libpam.2.dylib
0x00007ff821f1f000 	/usr/lib/libsqlite3.dylib
0x00007ff8270ed000 	/usr/lib/libxar.1.dylib
0x00007ff8265d0000 	/usr/lib/libbz2.1.0.dylib
0x00007ff826917000 	/usr/lib/libpcap.A.dylib
0x00007ff8222f7000 	/usr/lib/libdns_services.dylib
0x00007ff826b65000 	/usr/lib/libapple_nghttp2.dylib
0x00007ff826951000 	/usr/lib/libiconv.2.dylib
0x00007ff8268a4000 	/usr/lib/libcharset.1.dylib
0x00007ff823252000 	/System/Library/Frameworks/CoreServices.framework/Versions/A/Frameworks/FSEvents.framework/Versions/A/FSEvents
0x00007ff81e16a000 	/System/Library/Frameworks/CoreServices.framework/Versions/A/Frameworks/CarbonCore.framework/Versions/A/CarbonCore
0x00007ff822540000 	/System/Library/Frameworks/CoreServices.framework/Versions/A/Frameworks/Metadata.framework/Versions/A/Metadata
0x00007ff8265e3000 	/System/Library/Frameworks/CoreServices.framework/Versions/A/Frameworks/OSServices.framework/Versions/A/OSServices
0x00007ff826ada000 	/System/Library/Frameworks/CoreServices.framework/Versions/A/Frameworks/SearchKit.framework/Versions/A/SearchKit
0x00007ff82228a000 	/System/Library/Frameworks/CoreServices.framework/Versions/A/Frameworks/AE.framework/Versions/A/AE
0x00007ff81c080000 	/System/Library/Frameworks/CoreServices.framework/Versions/A/Frameworks/LaunchServices.framework/Versions/A/LaunchServices
0x00007ff827015000 	/System/Library/Frameworks/CoreServices.framework/Versions/A/Frameworks/DictionaryServices.framework/Versions/A/DictionaryServices
0x00007ff82325f000 	/System/Library/Frameworks/CoreServices.framework/Versions/A/Frameworks/SharedFileList.framework/Versions/A/SharedFileList
0x00007ff825f27000 	/usr/lib/libCheckFix.dylib
0x00007ff820ace000 	/System/Library/PrivateFrameworks/TCC.framework/Versions/A/TCC
0x00007ff8251e3000 	/System/Library/PrivateFrameworks/CoreNLP.framework/Versions/A/CoreNLP
0x00007ff8224f0000 	/System/Library/PrivateFrameworks/MetadataUtilities.framework/Versions/A/MetadataUtilities
0x00007ff81c7b3000 	/usr/lib/libmecabra.dylib
0x00007ff825f5b000 	/usr/lib/libmecab.dylib
0x00007ff81c77e000 	/usr/lib/libCRFSuite.dylib
0x00007ff825fb5000 	/usr/lib/libgermantok.dylib
0x00007ff826b40000 	/usr/lib/libThaiTokenizer.dylib
0x00007ff8225e3000 	/System/Library/Frameworks/Accelerate.framework/Versions/A/Frameworks/vImage.framework/Versions/A/vImage
0x00007ff82cc70000 	/System/Library/Frameworks/Accelerate.framework/Versions/A/Frameworks/vecLib.framework/Versions/A/vecLib
0x00007ff82712e000 	/System/Library/Frameworks/Accelerate.framework/Versions/A/Frameworks/vecLib.framework/Versions/A/libvMisc.dylib
0x00007ff8259a2000 	/System/Library/Frameworks/Accelerate.framework/Versions/A/Frameworks/vecLib.framework/Versions/A/libvDSP.dylib
0x00007ff81c3fa000 	/System/Library/Frameworks/Accelerate.framework/Versions/A/Frameworks/vecLib.framework/Versions/A/libBLAS.dylib
0x00007ff826c77000 	/System/Library/Frameworks/Accelerate.framework/Versions/A/Frameworks/vecLib.framework/Versions/A/libLAPACK.dylib
0x00007ff825fb8000 	/System/Library/Frameworks/Accelerate.framework/Versions/A/Frameworks/vecLib.framework/Versions/A/libLinearAlgebra.dylib
0x00007ff826b7d000 	/System/Library/Frameworks/Accelerate.framework/Versions/A/Frameworks/vecLib.framework/Versions/A/libSparseBLAS.dylib
0x00007ff826c71000 	/System/Library/Frameworks/Accelerate.framework/Versions/A/Frameworks/vecLib.framework/Versions/A/libQuadrature.dylib
0x00007ff8252ce000 	/System/Library/Frameworks/Accelerate.framework/Versions/A/Frameworks/vecLib.framework/Versions/A/libBNNS.dylib
0x00007ff81c694000 	/System/Library/Frameworks/Accelerate.framework/Versions/A/Frameworks/vecLib.framework/Versions/A/libSparse.dylib
0x00007ff8252c7000 	/System/Library/PrivateFrameworks/LinguisticData.framework/Versions/A/LinguisticData
0x00007ff81c64a000 	/System/Library/PrivateFrameworks/Lexicon.framework/Versions/A/Lexicon
0x00007ff827127000 	/usr/lib/libChineseTokenizer.dylib
0x00007ff81cdac000 	/System/Library/PrivateFrameworks/LanguageModeling.framework/Versions/A/LanguageModeling
0x00007ff826b42000 	/System/Library/PrivateFrameworks/AppleSauce.framework/Versions/A/AppleSauce
0x00007ff825b65000 	/System/Library/PrivateFrameworks/CoreEmoji.framework/Versions/A/CoreEmoji
0x00007ff826a42000 	/usr/lib/libcmph.dylib
0x00007ff823236000 	/System/Library/Frameworks/OpenDirectory.framework/Versions/A/Frameworks/CFOpenDirectory.framework/Versions/A/CFOpenDirectory
0x00007ff82322a000 	/System/Library/Frameworks/OpenDirectory.framework/Versions/A/OpenDirectory
0x00007ff827080000 	/System/Library/PrivateFrameworks/APFS.framework/Versions/A/APFS
0x00007ff825e82000 	/System/Library/Frameworks/SecurityFoundation.framework/Versions/A/SecurityFoundation
0x00007ff8270fb000 	/usr/lib/libutil.dylib
0x00007ff81e494000 	/System/Library/PrivateFrameworks/CoreServicesStore.framework/Versions/A/CoreServicesStore
0x00007ff8270ff000 	/usr/lib/libxslt.1.dylib
0x00007ff825f0f000 	/System/Library/PrivateFrameworks/BackgroundTaskManagement.framework/Versions/A/BackgroundTaskManagement
0x00007ff82856a000 	/System/Library/Frameworks/ImageIO.framework/Versions/A/Resources/libRadiance.dylib
0x00007ff828573000 	/System/Library/Frameworks/ImageIO.framework/Versions/A/Resources/libJPEG.dylib
0x00007ff8284c4000 	/System/Library/Frameworks/ImageIO.framework/Versions/A/Resources/libPng.dylib
0x00007ff8284e5000 	/System/Library/Frameworks/ImageIO.framework/Versions/A/Resources/libTIFF.dylib
0x00007ff8285d3000 	/System/Library/Frameworks/ImageIO.framework/Versions/A/Resources/libGIF.dylib
0x00007ff827dff000 	/System/Library/Frameworks/ImageIO.framework/Versions/A/Resources/libJP2.dylib
0x00007ff82753d000 	/usr/lib/libexpat.1.dylib
0x00007ff827db4000 	/System/Library/PrivateFrameworks/AppleJPEG.framework/Versions/A/AppleJPEG
0x00007ff824717000 	/System/Library/PrivateFrameworks/FontServices.framework/libFontParser.dylib
0x00007ff822234000 	/System/Library/PrivateFrameworks/RunningBoardServices.framework/Versions/A/RunningBoardServices
0x00007ff832f1f000 	/System/Library/PrivateFrameworks/IOSurfaceAccelerator.framework/Versions/A/IOSurfaceAccelerator
0x00007ff827ee1000 	/System/Library/PrivateFrameworks/WatchdogClient.framework/Versions/A/WatchdogClient
0x00007ff81ce9a000 	/System/Library/Frameworks/CoreDisplay.framework/Versions/A/CoreDisplay
0x00007ff824615000 	/System/Library/Frameworks/CoreMedia.framework/Versions/A/CoreMedia
0x00007ff8244ac000 	/System/Library/PrivateFrameworks/IOAccelerator.framework/Versions/A/IOAccelerator
0x00007ff8233b3000 	/System/Library/Frameworks/CoreVideo.framework/Versions/A/CoreVideo
0x00007ff826b93000 	/System/Library/Frameworks/MetalPerformanceShaders.framework/Versions/A/MetalPerformanceShaders
0x00007ff827f1e000 	/System/Library/Frameworks/VideoToolbox.framework/Versions/A/VideoToolbox
0x00007ff82217e000 	/System/Library/PrivateFrameworks/BaseBoard.framework/Versions/A/BaseBoard
0x00007ff821f05000 	/System/Library/PrivateFrameworks/ProtocolBuffer.framework/Versions/A/ProtocolBuffer
0x00007ff828563000 	/System/Library/PrivateFrameworks/GPUWrangler.framework/Versions/A/GPUWrangler
0x00007ff828547000 	/System/Library/PrivateFrameworks/IOPresentment.framework/Versions/A/IOPresentment
0x00007ff82856d000 	/System/Library/PrivateFrameworks/DSExternalDisplay.framework/Versions/A/DSExternalDisplay
0x00007ffa33bc8000 	/System/Library/Frameworks/OpenGL.framework/Versions/A/Libraries/libCoreFSCache.dylib
0x00007ffb20884000 	/System/Library/PrivateFrameworks/GPUCompiler.framework/Versions/31001/Libraries/libGPUCompilerUtils.dylib
0x00007ff8285d8000 	/System/Library/PrivateFrameworks/CMCaptureCore.framework/Versions/A/CMCaptureCore
0x00007ff827ae5000 	/System/Library/PrivateFrameworks/AppServerSupport.framework/Versions/A/AppServerSupport
0x00007ff829da4000 	/System/Library/PrivateFrameworks/perfdata.framework/Versions/A/perfdata
0x00007ff81cfc6000 	/System/Library/PrivateFrameworks/AudioToolboxCore.framework/Versions/A/AudioToolboxCore
0x00007ff8245f3000 	/System/Library/PrivateFrameworks/caulk.framework/Versions/A/caulk
0x00007ff8296b6000 	/usr/lib/libAudioStatistics.dylib
0x00007ff920e5e000 	/System/Library/PrivateFrameworks/SystemPolicy.framework/Versions/A/SystemPolicy
0x00007ff829911000 	/usr/lib/libSMC.dylib
0x00007ff83281a000 	/System/Library/Frameworks/CoreMIDI.framework/Versions/A/CoreMIDI
0x00007ff828493000 	/usr/lib/libAudioToolboxUtility.dylib
0x00007ff91d101000 	/System/Library/PrivateFrameworks/OSAServicesClient.framework/Versions/A/OSAServicesClient
0x00007ff829db1000 	/usr/lib/libperfcheck.dylib
0x00007ff921908000 	/usr/lib/libmis.dylib
0x00007ffa33c23000 	/System/Library/Frameworks/OpenGL.framework/Versions/A/Libraries/libGLU.dylib
0x00007ffa33be7000 	/System/Library/Frameworks/OpenGL.framework/Versions/A/Libraries/libGFXShared.dylib
0x00007ffa33df0000 	/System/Library/Frameworks/OpenGL.framework/Versions/A/Libraries/libGL.dylib
0x00007ffa33bf0000 	/System/Library/Frameworks/OpenGL.framework/Versions/A/Libraries/libGLImage.dylib
0x00007ffa33be4000 	/System/Library/Frameworks/OpenGL.framework/Versions/A/Libraries/libCVMSPluginSupport.dylib
0x00007ffa33bcf000 	/System/Library/Frameworks/OpenGL.framework/Versions/A/Libraries/libCoreVMClient.dylib
0x00007ff82515f000 	/System/Library/Frameworks/MetalPerformanceShaders.framework/Versions/A/Frameworks/MPSCore.framework/Versions/A/MPSCore
0x00007ff82652b000 	/System/Library/Frameworks/MetalPerformanceShaders.framework/Versions/A/Frameworks/MPSImage.framework/Versions/A/MPSImage
0x00007ff825fce000 	/System/Library/Frameworks/MetalPerformanceShaders.framework/Versions/A/Frameworks/MPSNeuralNetwork.framework/Versions/A/MPSNeuralNetwork
0x00007ff826442000 	/System/Library/Frameworks/MetalPerformanceShaders.framework/Versions/A/Frameworks/MPSMatrix.framework/Versions/A/MPSMatrix
0x00007ff8261fd000 	/System/Library/Frameworks/MetalPerformanceShaders.framework/Versions/A/Frameworks/MPSRayIntersector.framework/Versions/A/MPSRayIntersector
0x00007ff82647a000 	/System/Library/Frameworks/MetalPerformanceShaders.framework/Versions/A/Frameworks/MPSNDArray.framework/Versions/A/MPSNDArray
0x00007ffa38b50000 	/System/Library/Frameworks/MetalPerformanceShaders.framework/Versions/A/Frameworks/MPSFunctions.framework/Versions/A/MPSFunctions
0x00007ff81c2d7000 	/System/Library/PrivateFrameworks/MetalTools.framework/Versions/A/MetalTools
0x00007ff8251db000 	/System/Library/PrivateFrameworks/AggregateDictionary.framework/Versions/A/AggregateDictionary
0x00007ff82731f000 	/usr/lib/libIOReport.dylib
0x00007ffa351ff000 	/System/Library/Frameworks/OpenCL.framework/Versions/A/OpenCL
0x00007ff827683000 	/System/Library/PrivateFrameworks/FaceCore.framework/Versions/A/FaceCore
0x00007ff827674000 	/System/Library/PrivateFrameworks/GraphVisualizer.framework/Versions/A/GraphVisualizer
0x00007ffb2078f000 	/System/Library/PrivateFrameworks/FontServices.framework/Versions/A/FontServices
0x00007ff827a9d000 	/System/Library/PrivateFrameworks/OTSVG.framework/Versions/A/OTSVG
0x00007ff822f9a000 	/System/Library/Frameworks/ApplicationServices.framework/Versions/A/Frameworks/ATS.framework/Versions/A/Resources/libFontRegistry.dylib
0x00007ff827aed000 	/System/Library/PrivateFrameworks/FontServices.framework/libhvf.dylib
0x00007ffb20790000 	/System/Library/PrivateFrameworks/FontServices.framework/libXTFontStaticRegistryData.dylib
0x00007ff8274ed000 	/System/Library/PrivateFrameworks/AppleVA.framework/Versions/A/AppleVA
0x00007ff8296d6000 	/System/Library/Frameworks/ApplicationServices.framework/Versions/A/Frameworks/ATS.framework/Versions/A/ATS
0x00007ff82164c000 	/System/Library/Frameworks/ApplicationServices.framework/Versions/A/Frameworks/HIServices.framework/Versions/A/HIServices
0x00007ff8285e2000 	/System/Library/Frameworks/ApplicationServices.framework/Versions/A/Frameworks/PrintCore.framework/Versions/A/PrintCore
0x00007ff829a64000 	/System/Library/Frameworks/ApplicationServices.framework/Versions/A/Frameworks/QD.framework/Versions/A/QD
0x00007ff829a5c000 	/System/Library/Frameworks/ApplicationServices.framework/Versions/A/Frameworks/ColorSyncLegacy.framework/Versions/A/ColorSyncLegacy
0x00007ff8296c6000 	/System/Library/Frameworks/ApplicationServices.framework/Versions/A/Frameworks/SpeechSynthesis.framework/Versions/A/SpeechSynthesis
0x00007ff8285a3000 	/System/Library/Frameworks/ApplicationServices.framework/Versions/A/Frameworks/ATSUI.framework/Versions/A/ATSUI
0x00007ff8299f1000 	/usr/lib/libcups.2.dylib
0x00007ff829dc0000 	/System/Library/Frameworks/Kerberos.framework/Versions/A/Kerberos
0x00007ff829dcf000 	/System/Library/Frameworks/GSS.framework/Versions/A/GSS
0x00007ff829742000 	/usr/lib/libresolv.9.dylib
0x00007ff827afc000 	/System/Library/PrivateFrameworks/Heimdal.framework/Versions/A/Heimdal
0x00007ff83099c000 	/System/Library/Frameworks/Kerberos.framework/Versions/A/Libraries/libHeimdalProxy.dylib
0x00007ff822307000 	/System/Library/Frameworks/Network.framework/Versions/A/Network
0x00007ff827557000 	/usr/lib/libheimdal-asn1.dylib
0x00007ff829e1a000 	/System/Library/PrivateFrameworks/CommonAuth.framework/Versions/A/CommonAuth
0x00007ff829648000 	/System/Library/PrivateFrameworks/AudioSession.framework/Versions/A/AudioSession
0x00007ff8275e7000 	/System/Library/PrivateFrameworks/MediaExperience.framework/Versions/A/MediaExperience
0x00007ff8294db000 	/System/Library/PrivateFrameworks/AudioSession.framework/libSessionUtility.dylib
0x00007ff829a70000 	/System/Library/PrivateFrameworks/AudioResourceArbitration.framework/Versions/A/AudioResourceArbitration
0x00007ff82dae3000 	/System/Library/PrivateFrameworks/PowerLog.framework/Versions/A/PowerLog
0x00007ff827560000 	/System/Library/PrivateFrameworks/IconFoundation.framework/Versions/A/IconFoundation
0x00007ff82c899000 	/System/Library/PrivateFrameworks/SpeechRecognitionCore.framework/Versions/A/SpeechRecognitionCore
0x00007ffa25e71000 	/System/Library/CoreServices/Encodings/libSimplifiedChineseConverter.dylib
0x000000010b97b000 	/Library/Java/JavaVirtualMachines/jdk1.8.0_241.jdk/Contents/Home/jre/lib/server/libjvm.dylib
0x00007ffb33b83000 	/usr/lib/libstdc++.6.dylib
0x000000010aa00000 	/Library/Java/JavaVirtualMachines/jdk1.8.0_241.jdk/Contents/Home/jre/lib/libverify.dylib
0x000000010aa44000 	/Library/Java/JavaVirtualMachines/jdk1.8.0_241.jdk/Contents/Home/jre/lib/libjava.dylib
0x000000010aa17000 	/Library/Java/JavaVirtualMachines/jdk1.8.0_241.jdk/Contents/Home/jre/lib/libzip.dylib
0x00000001113ae000 	/Library/Java/JavaVirtualMachines/jdk1.8.0_241.jdk/Contents/Home/jre/lib/libawt.dylib
0x0000000111523000 	/Library/Java/JavaVirtualMachines/jdk1.8.0_241.jdk/Contents/Home/jre/lib/libmlib_image.dylib
0x00007ffa38aad000 	/System/Library/Frameworks/JavaNativeFoundation.framework/Versions/A/JavaNativeFoundation
0x00007ffa38ab9000 	/System/Library/Frameworks/JavaRuntimeSupport.framework/Versions/A/JavaRuntimeSupport
0x00007ff920983000 	/System/Library/Frameworks/Carbon.framework/Versions/A/Carbon
0x00007ff82ed60000 	/System/Library/PrivateFrameworks/CoreSymbolication.framework/Versions/A/CoreSymbolication
0x00007ff8342ad000 	/System/Library/Frameworks/Carbon.framework/Versions/A/Frameworks/CommonPanels.framework/Versions/A/CommonPanels
0x00007ff830394000 	/System/Library/Frameworks/Carbon.framework/Versions/A/Frameworks/Help.framework/Versions/A/Help
0x00007ff8342b1000 	/System/Library/Frameworks/Carbon.framework/Versions/A/Frameworks/ImageCapture.framework/Versions/A/ImageCapture
0x00007ff834281000 	/System/Library/Frameworks/Carbon.framework/Versions/A/Frameworks/OpenScripting.framework/Versions/A/OpenScripting
0x00007ff8342a9000 	/System/Library/Frameworks/Carbon.framework/Versions/A/Frameworks/Ink.framework/Versions/A/Ink
0x00007ff92097f000 	/System/Library/Frameworks/Carbon.framework/Versions/A/Frameworks/Print.framework/Versions/A/Print
0x00007ff8342a5000 	/System/Library/Frameworks/Carbon.framework/Versions/A/Frameworks/SecurityHI.framework/Versions/A/SecurityHI
0x00007ff82ed25000 	/System/Library/PrivateFrameworks/DebugSymbols.framework/Versions/A/DebugSymbols
0x00000001115ef000 	/Library/Java/JavaVirtualMachines/jdk1.8.0_241.jdk/Contents/Home/jre/lib/libawt_lwawt.dylib
0x0000000111342000 	/Library/Java/JavaVirtualMachines/jdk1.8.0_241.jdk/Contents/Home/jre/lib/libosxapp.dylib
0x00007ff91fd6d000 	/System/Library/Frameworks/ExceptionHandling.framework/Versions/A/ExceptionHandling
0x00007ff81e456000 	/System/Library/PrivateFrameworks/CoreServicesInternal.framework/Versions/A/CoreServicesInternal
0x00007ff82e0d4000 	/System/Library/Frameworks/FileProvider.framework/Versions/A/FileProvider
0x00007ff8220eb000 	/System/Library/Frameworks/Accounts.framework/Versions/A/Accounts
0x00007ff82e24d000 	/System/Library/PrivateFrameworks/GenerationalStorage.framework/Versions/A/GenerationalStorage
0x00007ff82dad8000 	/System/Library/PrivateFrameworks/SymptomDiagnosticReporter.framework/Versions/A/SymptomDiagnosticReporter
0x00007ff81f714000 	/System/Library/PrivateFrameworks/DesktopServicesPriv.framework/Versions/A/DesktopServicesPriv
0x00007ff81e595000 	/usr/lib/libsandbox.1.dylib
0x00007ff823432000 	/System/Library/PrivateFrameworks/UserManagement.framework/Versions/A/UserManagement
0x00007ff829a51000 	/System/Library/PrivateFrameworks/NetAuth.framework/Versions/A/NetAuth
0x00007ff82a95e000 	/System/Library/PrivateFrameworks/Sharing.framework/Versions/A/Sharing
0x00007ff823405000 	/System/Library/PrivateFrameworks/login.framework/Versions/A/Frameworks/loginsupport.framework/Versions/A/loginsupport
0x00007ff82fec3000 	/System/Library/PrivateFrameworks/Apple80211.framework/Versions/A/Apple80211
0x00007ff826610000 	/System/Library/PrivateFrameworks/AuthKit.framework/Versions/A/AuthKit
0x00007ff825c5b000 	/System/Library/PrivateFrameworks/CoreUtils.framework/Versions/A/CoreUtils
0x00007ff825b82000 	/System/Library/Frameworks/CoreWLAN.framework/Versions/A/CoreWLAN
0x00007ff82aabd000 	/System/Library/Frameworks/IOBluetooth.framework/Versions/A/IOBluetooth
0x00007ff82ff2b000 	/System/Library/PrivateFrameworks/CoreWiFi.framework/Versions/A/CoreWiFi
0x00007ff82e8f7000 	/System/Library/PrivateFrameworks/FrontBoardServices.framework/Versions/A/FrontBoardServices
0x00007ff82e988000 	/System/Library/PrivateFrameworks/BoardServices.framework/Versions/A/BoardServices
0x00007ff825e71000 	/System/Library/PrivateFrameworks/AssertionServices.framework/Versions/A/AssertionServices
0x00007ff8300ae000 	/System/Library/PrivateFrameworks/BackBoardServices.framework/Versions/A/BackBoardServices
0x00007ff829eab000 	/System/Library/PrivateFrameworks/CorePhoneNumbers.framework/Versions/A/CorePhoneNumbers
0x00007ff82dbf5000 	/System/Library/PrivateFrameworks/DiskManagement.framework/Versions/A/DiskManagement
0x00007ff82db09000 	/System/Library/PrivateFrameworks/AppleIDAuthSupport.framework/Versions/A/AppleIDAuthSupport
0x00007ffa3b111000 	/System/Library/PrivateFrameworks/AAAFoundation.framework/Versions/A/AAAFoundation
0x00007ff829e8c000 	/System/Library/PrivateFrameworks/KeychainCircle.framework/Versions/A/KeychainCircle
0x00007ff82dbc1000 	/System/Library/PrivateFrameworks/MediaKit.framework/Versions/A/MediaKit
0x00007ff82db15000 	/System/Library/Frameworks/DiscRecording.framework/Versions/A/DiscRecording
0x00007ff827465000 	/usr/lib/libCoreStorage.dylib
0x00007ff83039c000 	/usr/lib/libcsfde.dylib
0x00007ff82ab8a000 	/System/Library/PrivateFrameworks/ProtectedCloudStorage.framework/Versions/A/ProtectedCloudStorage
0x00007ff830398000 	/System/Library/PrivateFrameworks/EFILogin.framework/Versions/A/EFILogin
0x00007ff82e273000 	/System/Library/PrivateFrameworks/OctagonTrust.framework/Versions/A/OctagonTrust
0x00007ffb1f9fe000 	/System/Library/PrivateFrameworks/CoreUtilsExtras.framework/Versions/A/CoreUtilsExtras
0x00007ff82da3c000 	/System/Library/Frameworks/CoreBluetooth.framework/Versions/A/CoreBluetooth
0x00007ff830a21000 	/System/Library/Frameworks/AudioUnit.framework/Versions/A/AudioUnit
0x00007ff82745d000 	/usr/lib/libMatch.1.dylib
0x00007ff9286af000 	/System/Library/CoreServices/RawCamera.bundle/Contents/MacOS/RawCamera
0x00007ff829e2a000 	/System/Library/PrivateFrameworks/MobileAsset.framework/Versions/A/MobileAsset
0x00007ff830a48000 	/System/Library/PrivateFrameworks/StreamingZip.framework/Versions/A/StreamingZip
0x00007ffb1ccf8000 	/System/Library/PrivateFrameworks/CMPhoto.framework/Versions/A/CMPhoto
0x00007ff82ebfb000 	/System/Library/PrivateFrameworks/AppleVPA.framework/Versions/A/AppleVPA
0x00007ff82880c000 	/System/Library/Frameworks/MediaToolbox.framework/Versions/A/MediaToolbox
0x00007ff82e0a4000 	/System/Library/PrivateFrameworks/CoreAVCHD.framework/Versions/A/CoreAVCHD
0x00007ff82cf79000 	/System/Library/Frameworks/MediaAccessibility.framework/Versions/A/MediaAccessibility
0x00007ff82e0a0000 	/System/Library/PrivateFrameworks/Mangrove.framework/Versions/A/Mangrove
0x00007ff82cf84000 	/System/Library/PrivateFrameworks/AlgosScoreFramework.framework/Versions/A/AlgosScoreFramework
0x00007ff82dce5000 	/System/Library/PrivateFrameworks/CoreAUC.framework/Versions/A/CoreAUC
0x00007ff925ee1000 	/System/Library/Frameworks/Accelerate.framework/Versions/A/Frameworks/vImage.framework/Versions/A/Libraries/libCGInterfaces.dylib
0x0000000112105000 	/usr/lib/libobjc-trampolines.dylib
0x00007ff832f27000 	/System/Library/PrivateFrameworks/FamilyControls.framework/Versions/A/FamilyControls
0x00007ff832f4b000 	/System/Library/PrivateFrameworks/CommerceKit.framework/Versions/A/Frameworks/CommerceCore.framework/Versions/A/CommerceCore
0x00007ff82cfb5000 	/System/Library/PrivateFrameworks/SystemAdministration.framework/Versions/A/SystemAdministration
0x00007ff82ab71000 	/System/Library/PrivateFrameworks/AppContainer.framework/Versions/A/AppContainer
0x00007ff82ab86000 	/System/Library/PrivateFrameworks/SecCodeWrapper.framework/Versions/A/SecCodeWrapper
0x00007ff827328000 	/System/Library/PrivateFrameworks/CrashReporterSupport.framework/Versions/A/CrashReporterSupport
0x00007ff92d8c3000 	/System/Library/PrivateFrameworks/OSAnalytics.framework/Versions/A/OSAnalytics
0x00007ff938a16000 	/System/Library/PrivateFrameworks/Symbolication.framework/Versions/A/Symbolication
0x00007ff9218e5000 	/System/Library/PrivateFrameworks/MallocStackLogging.framework/Versions/A/MallocStackLogging
0x00007ff827bb3000 	/System/Library/PrivateFrameworks/login.framework/Versions/A/login
0x00007ff82c865000 	/System/Library/Frameworks/DirectoryService.framework/Versions/A/DirectoryService
0x00007ff83023a000 	/System/Library/PrivateFrameworks/DiskImages.framework/Versions/A/DiskImages
0x00007ff825f19000 	/System/Library/Frameworks/ServiceManagement.framework/Versions/A/ServiceManagement
0x00007ff830416000 	/System/Library/PrivateFrameworks/LoginUIKit.framework/Versions/A/Frameworks/LoginUICore.framework/Versions/A/LoginUICore
0x00007ff827d5c000 	/usr/lib/libodfde.dylib
0x00007ff8303a8000 	/usr/lib/libcurl.4.dylib
0x00007ffb33656000 	/usr/lib/libcrypto.46.dylib
0x00007ffb33b47000 	/usr/lib/libssl.48.dylib
0x00007ff8300cc000 	/System/Library/Frameworks/LDAP.framework/Versions/A/LDAP
0x00007ff830104000 	/System/Library/PrivateFrameworks/TrustEvaluationAgent.framework/Versions/A/TrustEvaluationAgent
0x00007ff82975b000 	/usr/lib/libsasl2.2.dylib
0x00007ff82cfa9000 	/System/Library/PrivateFrameworks/CoreDaemon.framework/Versions/B/CoreDaemon
0x00007ff82cfa4000 	/System/Library/PrivateFrameworks/AppleSRP.framework/Versions/A/AppleSRP
0x00007ff82312a000 	/System/Library/PrivateFrameworks/ViewBridge.framework/Versions/A/ViewBridge
0x00007ffa33dfb000 	/System/Library/Frameworks/OpenGL.framework/Versions/A/Resources/GLEngine.bundle/GLEngine
0x00007ffa33c61000 	/System/Library/Frameworks/OpenGL.framework/Versions/A/Libraries/libGLProgrammability.dylib
0x00007ffa28c7c000 	/System/Library/Extensions/AppleIntelKBLGraphicsGLDriver.bundle/Contents/MacOS/AppleIntelKBLGraphicsGLDriver
0x00007ff92ba42000 	/System/Library/PrivateFrameworks/GPUSupport.framework/Versions/A/Libraries/libGPUSupportMercury.dylib
0x00007ffa33f85000 	/System/Library/Frameworks/OpenGL.framework/Versions/A/Resources/GLRendererFloat.bundle/GLRendererFloat
0x00000001264b3000 	/Library/Java/JavaVirtualMachines/jdk1.8.0_241.jdk/Contents/Home/jre/lib/libfontmanager.dylib
0x000000012b6cb000 	/Library/Java/JavaVirtualMachines/jdk1.8.0_241.jdk/Contents/Home/jre/lib/libosxui.dylib
0x000000012ba3a000 	/Library/Java/JavaVirtualMachines/jdk1.8.0_241.jdk/Contents/Home/jre/lib/libnet.dylib
0x000000012ba23000 	/Library/Java/JavaVirtualMachines/jdk1.8.0_241.jdk/Contents/Home/jre/lib/libnio.dylib
0x000000012697d000 	/private/var/folders/_k/h9_jhv4x20b6rlb9t84rm2vw0000gp/T/jogamp_0000/file_cache/jln8608626390888224110/jln4893935147975166426/libgluegen-rt.jnilib
0x00000001568a3000 	/private/var/folders/_k/h9_jhv4x20b6rlb9t84rm2vw0000gp/T/jogamp_0000/file_cache/jln8608626390888224110/jln4893935147975166426/libnativewindow_awt.jnilib
0x000000015689f000 	/Library/Java/JavaVirtualMachines/jdk1.8.0_241.jdk/Contents/Home/jre/lib/libjawt.dylib
0x00000001568bc000 	/private/var/folders/_k/h9_jhv4x20b6rlb9t84rm2vw0000gp/T/jogamp_0000/file_cache/jln8608626390888224110/jln4893935147975166426/libnativewindow_macosx.jnilib
0x00000001598e7000 	/private/var/folders/_k/h9_jhv4x20b6rlb9t84rm2vw0000gp/T/jogamp_0000/file_cache/jln8608626390888224110/jln4893935147975166426/libjogl_desktop.jnilib
0x00007ffb331ea000 	/usr/lib/libRosetta.dylib
0x0000000156bba000 	/Library/Java/JavaVirtualMachines/jdk1.8.0_241.jdk/Contents/Home/jre/lib/libsunec.dylib
0x000000015dee3000 	/Library/Java/JavaVirtualMachines/jdk1.8.0_241.jdk/Contents/Home/jre/lib/libt2k.dylib

VM Arguments:
jvm_args: -Djava.security.policy=java.policy.applet -Dfile.encoding=UTF-8 
java_command: sun.applet.AppletViewer module5.EarthquakeCityMap1658061063636.html
java_class_path (initial): /Users/liqian/eclipse-workspace/UCSDUnfoldingMaps/build:/Users/liqian/eclipse-workspace/UCSDUnfoldingMaps/lib/core.jar:/Users/liqian/eclipse-workspace/UCSDUnfoldingMaps/lib/gluegen-rt.jar:/Users/liqian/eclipse-workspace/UCSDUnfoldingMaps/lib/jogl-all.jar:/Users/liqian/eclipse-workspace/UCSDUnfoldingMaps/lib/log4j-1.2.15.jar:/Users/liqian/eclipse-workspace/UCSDUnfoldingMaps/lib/sqlite-jdbc-3.7.2.jar:/Users/liqian/eclipse-workspace/UCSDUnfoldingMaps/lib/json4processing.jar:/Users/liqian/eclipse-workspace/UCSDUnfoldingMaps/lib/libTUIO.jar:/Users/liqian/eclipse-workspace/UCSDUnfoldingMaps/lib/unfolding.0.9.7-uscd.jar
Launcher Type: SUN_STANDARD

Environment Variables:
PATH=/usr/bin:/bin:/usr/sbin:/sbin
SHELL=/bin/bash

Signal Handlers:
SIGSEGV: [libjvm.dylib+0x5bd1a7], sa_mask[0]=11111111011111110111111111111111, sa_flags=SA_ONSTACK|SA_RESTART|SA_SIGINFO
SIGBUS: [libjvm.dylib+0x5bd1a7], sa_mask[0]=11111111011111110111111111111111, sa_flags=SA_RESTART|SA_SIGINFO
SIGFPE: [libjvm.dylib+0x48e178], sa_mask[0]=11111111011111110111111111111111, sa_flags=SA_RESTART|SA_SIGINFO
SIGPIPE: [libjvm.dylib+0x48e178], sa_mask[0]=11111111011111110111111111111111, sa_flags=SA_RESTART|SA_SIGINFO
SIGXFSZ: [libjvm.dylib+0x48e178], sa_mask[0]=11111111011111110111111111111111, sa_flags=SA_RESTART|SA_SIGINFO
SIGILL: [libjvm.dylib+0x48e178], sa_mask[0]=11111111011111110111111111111111, sa_flags=SA_RESTART|SA_SIGINFO
SIGUSR1: SIG_DFL, sa_mask[0]=00000000000000000000000000000000, sa_flags=none
SIGUSR2: [libjvm.dylib+0x48dc96], sa_mask[0]=00100000000000000000000000000000, sa_flags=SA_RESTART|SA_SIGINFO
SIGHUP: [libjvm.dylib+0x48c221], sa_mask[0]=11111111011111110111111111111111, sa_flags=SA_RESTART|SA_SIGINFO
SIGINT: [libjvm.dylib+0x48c221], sa_mask[0]=11111111011111110111111111111111, sa_flags=SA_RESTART|SA_SIGINFO
SIGTERM: [libjvm.dylib+0x48c221], sa_mask[0]=11111111011111110111111111111111, sa_flags=SA_RESTART|SA_SIGINFO
SIGQUIT: [libjvm.dylib+0x48c221], sa_mask[0]=11111111011111110111111111111111, sa_flags=SA_RESTART|SA_SIGINFO


---------------  S Y S T E M  ---------------

OS:Bsduname:Darwin 21.4.0 Darwin Kernel Version 21.4.0: Fri Mar 18 00:45:05 PDT 2022; root:xnu-8020.101.4~15/RELEASE_X86_64 x86_64
rlimit: STACK 8192k, CORE 0k, NPROC 1392, NOFILE 10240, AS infinity
load average:2.70 2.24 2.18

CPU:total 4 (initial active 4) (2 cores per cpu, 2 threads per core) family 6 model 142 stepping 9, cmov, cx8, fxsr, mmx, sse, sse2, sse3, ssse3, sse4.1, sse4.2, popcnt, avx, avx2, aes, clmul, erms, rtm, 3dnowpref, lzcnt, ht, tsc, tscinvbit, bmi1, bmi2, adx

Memory: 4k page, physical 8388608k(216976k free)

/proc/meminfo:


vm_info: Java HotSpot(TM) 64-Bit Server VM (25.241-b07) for bsd-amd64 JRE (1.8.0_241-b07), built on Dec 11 2019 02:29:59 by "java_re" with gcc 4.2.1 (Based on Apple Inc. build 5658) (LLVM build 2336.11.00)

time: Sun Jul 17 20:31:17 2022
timezone: +08
elapsed time: 14 seconds (0d 0h 0m 14s)

